$ build-storybook --output-dir C:\Users\Hollow\AppData\Local\Temp\chromatic--19504-1aVBt7WL62dD
info @storybook/react v6.5.14
info 
info => Cleaning outputDir: C:\Users\Hollow\AppData\Local\Temp\chromatic--19504-1aVBt7WL62dD
ERR! Error [ERR_REQUIRE_ESM]: Must use import to load ES Module: D:\Проекты\toast\.storybook\main.js
ERR! require() of ES modules is not supported.
ERR! require() of D:\Проекты\toast\.storybook\main.js from D:\Проекты\toast\node_modules\@storybook\core-common\dist\cjs\utils\interpret-require.js is an ES module file as it is a .js file whose nearest parent package.json contains "type": "module" which defines all .js files in that package scope as ES modules.
ERR! Instead rename main.js to end in .cjs, change the requiring code to use import(), or remove "type": "module" from D:\Проекты\toast\package.json.
ERR! 
ERR!     at new NodeError (internal/errors.js:322:7)
ERR!     at Object.Module._extensions..js (internal/modules/cjs/loader.js:1102:13)
ERR!     at Module.load (internal/modules/cjs/loader.js:950:32)
ERR!     at Function.Module._load (internal/modules/cjs/loader.js:790:12)
ERR!     at Module.require (internal/modules/cjs/loader.js:974:19)
ERR!     at require (internal/modules/cjs/helpers.js:101:18)
ERR!     at interopRequireDefault (D:\Проекты\toast\node_modules\@storybook\core-common\dist\cjs\utils\interpret-require.js:64:16)
ERR!     at serverRequire (D:\Проекты\toast\node_modules\@storybook\core-common\dist\cjs\utils\interpret-require.js:101:10)
ERR!     at getPreviewBuilder (D:\Проекты\toast\node_modules\@storybook\core-server\dist\cjs\utils\get-preview-builder.js:25:55)
ERR!     at buildStaticStandalone (D:\Проекты\toast\node_modules\@storybook\core-server\dist\cjs\build-static.js:105:71)
ERR!  Error [ERR_REQUIRE_ESM]: Must use import to load ES Module: D:\Проекты\toast\.storybook\main.js
ERR! require() of ES modules is not supported.
ERR! require() of D:\Проекты\toast\.storybook\main.js from D:\Проекты\toast\node_modules\@storybook\core-common\dist\cjs\utils\interpret-require.js is an ES module file as it is a .js file whose nearest parent package.json contains "type": "module" which defines all .js files in that package scope as ES modules.
ERR! Instead rename main.js to end in .cjs, change the requiring code to use import(), or remove "type": "module" from D:\Проекты\toast\package.json.
ERR! 
ERR!     at new NodeError (internal/errors.js:322:7)
ERR!     at Object.Module._extensions..js (internal/modules/cjs/loader.js:1102:13)
ERR!     at Module.load (internal/modules/cjs/loader.js:950:32)
ERR!     at Function.Module._load (internal/modules/cjs/loader.js:790:12)
ERR!     at Module.require (internal/modules/cjs/loader.js:974:19)
ERR!     at require (internal/modules/cjs/helpers.js:101:18)
ERR!     at interopRequireDefault (D:\Проекты\toast\node_modules\@storybook\core-common\dist\cjs\utils\interpret-require.js:64:16)
ERR!     at serverRequire (D:\Проекты\toast\node_modules\@storybook\core-common\dist\cjs\utils\interpret-require.js:101:10)
ERR!     at getPreviewBuilder (D:\Проекты\toast\node_modules\@storybook\core-server\dist\cjs\utils\get-preview-builder.js:25:55)
ERR!     at buildStaticStandalone (D:\Проекты\toast\node_modules\@storybook\core-server\dist\cjs\build-static.js:105:71) {
ERR!   code: 'ERR_REQUIRE_ESM'
ERR! }
(node:14112) UnhandledPromiseRejectionWarning: Error [ERR_REQUIRE_ESM]: Must use import to load ES Module: D:\Проекты\toast\.storybook\main.js
require() of ES modules is not supported.
require() of D:\Проекты\toast\.storybook\main.js from D:\Проекты\toast\node_modules\@storybook\core-common\dist\cjs\utils\interpret-require.js is an ES module file as it is a .js file whose nearest parent package.json contains "type": "module" which defines all .js files in that package scope as ES modules.
Instead rename main.js to end in .cjs, change the requiring code to use import(), or remove "type": "module" from D:\Проекты\toast\package.json.

    at new NodeError (internal/errors.js:322:7)
    at Object.Module._extensions..js (internal/modules/cjs/loader.js:1102:13)
    at Module.load (internal/modules/cjs/loader.js:950:32)
    at Function.Module._load (internal/modules/cjs/loader.js:790:12)
    at Module.require (internal/modules/cjs/loader.js:974:19)
    at require (internal/modules/cjs/helpers.js:101:18)
    at interopRequireDefault (D:\Проекты\toast\node_modules\@storybook\core-common\dist\cjs\utils\interpret-require.js:64:16)
    at serverRequire (D:\Проекты\toast\node_modules\@storybook\core-common\dist\cjs\utils\interpret-require.js:101:10)
    at getFrameworkPackage (D:\Проекты\toast\node_modules\@storybook\core-common\dist\cjs\presets.js:326:50)
    at loadAllPresets (D:\Проекты\toast\node_modules\@storybook\core-common\dist\cjs\presets.js:356:26)
(Use `node --trace-warnings ...` to show where the warning was created)
(node:14112) UnhandledPromiseRejectionWarning: Unhandled promise rejection. This error originated either by throwing inside of an async function without a catch block, or by rejecting a promise which was not handled with .catch(). To terminate the node process on unhandled promise rejection, use the CLI flag `--unhandled-rejections=strict` (see https://nodejs.org/api/cli.html#cli_unhandled_rejections_mode). (rejection id: 2)
(node:14112) [DEP0018] DeprecationWarning: Unhandled promise rejections are deprecated. In the future, promise rejections that are not handled will terminate the Node.js process with a non-zero exit code.
